c:\users\student\documents\visual studio 2015\projects\minitto_party\debug\vc140.pdb
c:\users\student\documents\visual studio 2015\projects\minitto_party\debug\vc140.idb
c:\users\student\documents\visual studio 2015\projects\minitto_party\debug\effect.obj
c:\users\student\documents\visual studio 2015\projects\minitto_party\debug\fade.obj
c:\users\student\documents\visual studio 2015\projects\minitto_party\debug\gamepad.obj
c:\users\student\documents\visual studio 2015\projects\minitto_party\debug\input.obj
c:\users\student\documents\visual studio 2015\projects\minitto_party\debug\light.obj
c:\users\student\documents\visual studio 2015\projects\minitto_party\debug\score.obj
c:\users\student\documents\visual studio 2015\projects\minitto_party\debug\setparticle.obj
c:\users\student\documents\visual studio 2015\projects\minitto_party\debug\shadow.obj
c:\users\student\documents\visual studio 2015\projects\minitto_party\debug\sound.obj
c:\users\student\documents\visual studio 2015\projects\minitto_party\debug\result_bg.obj
c:\users\student\documents\visual studio 2015\projects\minitto_party\debug\title.obj
c:\users\student\documents\visual studio 2015\projects\minitto_party\debug\title_bg.obj
c:\users\student\documents\visual studio 2015\projects\minitto_party\debug\polygon.obj
c:\users\student\documents\visual studio 2015\projects\minitto_party\debug\ui.obj
c:\users\student\documents\visual studio 2015\projects\minitto_party\debug\wall.obj
c:\users\student\documents\visual studio 2015\projects\minitto_party\debug\game.obj
c:\users\student\documents\visual studio 2015\projects\minitto_party\debug\main.obj
c:\users\student\documents\visual studio 2015\projects\minitto_party\debug\result.obj
c:\users\student\documents\visual studio 2015\projects\minitto_party\debug\camera.obj
c:\users\student\documents\visual studio 2015\projects\minitto_party\debug\player.obj
c:\users\student\documents\visual studio 2015\projects\minitto_party\debug\chara_select.obj
c:\users\student\documents\visual studio 2015\projects\minitto_party\debug\chara_select_bg.obj
c:\users\student\documents\visual studio 2015\projects\minitto_party\debug\game_select.obj
c:\users\student\documents\visual studio 2015\projects\minitto_party\debug\game_select_bg.obj
c:\users\student\documents\visual studio 2015\projects\minitto_party\debug\tutorial.obj
c:\users\student\documents\visual studio 2015\projects\minitto_party\debug\tutorial_bg.obj
c:\users\student\documents\visual studio 2015\projects\minitto_party\debug\player_marker.obj
c:\users\student\documents\visual studio 2015\projects\minitto_party\debug\chara_select_frame.obj
c:\users\student\documents\visual studio 2015\projects\minitto_party\debug\chara_select_marker.obj
c:\users\student\documents\visual studio 2015\projects\minitto_party\debug\meshfield.obj
c:\users\student\documents\visual studio 2015\projects\minitto_party\debug\minitto_party.ilk
c:\users\student\documents\visual studio 2015\projects\minitto_party\debug\minitto_party.exe
c:\users\student\documents\visual studio 2015\projects\minitto_party\debug\minitto_party.pdb
c:\users\student\documents\visual studio 2015\projects\minitto_party\debug\minitto_party.tlog\cl.command.1.tlog
c:\users\student\documents\visual studio 2015\projects\minitto_party\debug\minitto_party.tlog\cl.read.1.tlog
c:\users\student\documents\visual studio 2015\projects\minitto_party\debug\minitto_party.tlog\cl.write.1.tlog
c:\users\student\documents\visual studio 2015\projects\minitto_party\debug\minitto_party.tlog\link.command.1.tlog
c:\users\student\documents\visual studio 2015\projects\minitto_party\debug\minitto_party.tlog\link.read.1.tlog
c:\users\student\documents\visual studio 2015\projects\minitto_party\debug\minitto_party.tlog\link.write.1.tlog
